<?xml version="1.0" encoding="UTF-8"?>
<!-- Generated by org.testng.reporters.JUnitXMLReporter -->
<testsuite ignored="0" hostname="Asus-lap" failures="0" tests="3" name="Default test" time="51.016" errors="0" timestamp="2023-12-12T19:32:24 IST">
  <testcase classname="com.run.Login" name="crtCredentials" time="18.583"/>
  <testcase classname="com.run.Login" name="incrtCredentials" time="18.724"/>
  <testcase classname="com.run.Login" name="forgotButton" time="13.649"/>
</testsuite> <!-- Default test -->
