<?xml version="1.0" encoding="UTF-8"?>
<testng-results ignored="0" total="3" passed="3" failed="0" skipped="0">
  <reporter-output>
  </reporter-output>
  <suite started-at="2023-12-12T19:31:33 IST" name="Default suite" finished-at="2023-12-12T19:32:24 IST" duration-ms="51016">
    <groups>
    </groups>
    <test started-at="2023-12-12T19:31:33 IST" name="Default test" finished-at="2023-12-12T19:32:24 IST" duration-ms="51016">
      <class name="com.run.Login">
        <test-method signature="crtCredentials()[pri:0, instance:com.run.Login@7e07db1f]" started-at="2023-12-12T19:31:33 IST" name="crtCredentials" finished-at="2023-12-12T19:31:52 IST" duration-ms="18583" status="PASS">
          <reporter-output>
          </reporter-output>
        </test-method> <!-- crtCredentials -->
        <test-method signature="incrtCredentials()[pri:1, instance:com.run.Login@7e07db1f]" started-at="2023-12-12T19:31:52 IST" name="incrtCredentials" finished-at="2023-12-12T19:32:11 IST" duration-ms="18724" status="PASS">
          <reporter-output>
          </reporter-output>
        </test-method> <!-- incrtCredentials -->
        <test-method signature="forgotButton()[pri:2, instance:com.run.Login@7e07db1f]" started-at="2023-12-12T19:32:11 IST" name="forgotButton" finished-at="2023-12-12T19:32:24 IST" duration-ms="13649" status="PASS">
          <reporter-output>
          </reporter-output>
        </test-method> <!-- forgotButton -->
      </class> <!-- com.run.Login -->
    </test> <!-- Default test -->
  </suite> <!-- Default suite -->
</testng-results>
